c:\users\海绵宝宝\source\repos\sthtmlpp\sthtmlpp\debug\sthtmlpp.pch
c:\users\海绵宝宝\source\repos\sthtmlpp\sthtmlpp\debug\vc141.pdb
c:\users\海绵宝宝\source\repos\sthtmlpp\sthtmlpp\debug\vc141.idb
c:\users\海绵宝宝\source\repos\sthtmlpp\sthtmlpp\debug\stdafx.obj
c:\users\海绵宝宝\source\repos\sthtmlpp\sthtmlpp\debug\sds.obj
c:\users\海绵宝宝\source\repos\sthtmlpp\sthtmlpp\debug\sthtmlpp.obj
c:\users\海绵宝宝\source\repos\sthtmlpp\sthtmlpp\debug\char_ref.obj
c:\users\海绵宝宝\source\repos\sthtmlpp\sthtmlpp\debug\error.obj
c:\users\海绵宝宝\source\repos\sthtmlpp\sthtmlpp\debug\tag.obj
c:\users\海绵宝宝\source\repos\sthtmlpp\sthtmlpp\debug\tokenizer.obj
c:\users\海绵宝宝\source\repos\sthtmlpp\debug\sthtmlpp.pdb
c:\users\海绵宝宝\source\repos\sthtmlpp\sthtmlpp\debug\sthtmlpp.tlog\cl.command.1.tlog
c:\users\海绵宝宝\source\repos\sthtmlpp\sthtmlpp\debug\sthtmlpp.tlog\cl.read.1.tlog
c:\users\海绵宝宝\source\repos\sthtmlpp\sthtmlpp\debug\sthtmlpp.tlog\cl.write.1.tlog
c:\users\海绵宝宝\source\repos\sthtmlpp\sthtmlpp\debug\sthtmlpp.tlog\link-cvtres.read.1.tlog
c:\users\海绵宝宝\source\repos\sthtmlpp\sthtmlpp\debug\sthtmlpp.tlog\link-cvtres.write.1.tlog
c:\users\海绵宝宝\source\repos\sthtmlpp\sthtmlpp\debug\sthtmlpp.tlog\link-rc.read.1.tlog
c:\users\海绵宝宝\source\repos\sthtmlpp\sthtmlpp\debug\sthtmlpp.tlog\link-rc.write.1.tlog
c:\users\海绵宝宝\source\repos\sthtmlpp\sthtmlpp\debug\sthtmlpp.tlog\link.5296.read.1.tlog
c:\users\海绵宝宝\source\repos\sthtmlpp\sthtmlpp\debug\sthtmlpp.tlog\link.5296.write.1.tlog
c:\users\海绵宝宝\source\repos\sthtmlpp\sthtmlpp\debug\sthtmlpp.tlog\link.6432.6536.read.1.tlog
c:\users\海绵宝宝\source\repos\sthtmlpp\sthtmlpp\debug\sthtmlpp.tlog\link.6432.6536.write.1.tlog
c:\users\海绵宝宝\source\repos\sthtmlpp\sthtmlpp\debug\sthtmlpp.tlog\link.6432.read.1.tlog
c:\users\海绵宝宝\source\repos\sthtmlpp\sthtmlpp\debug\sthtmlpp.tlog\link.6432.write.1.tlog
c:\users\海绵宝宝\source\repos\sthtmlpp\sthtmlpp\debug\sthtmlpp.tlog\link.7920.read.1.tlog
c:\users\海绵宝宝\source\repos\sthtmlpp\sthtmlpp\debug\sthtmlpp.tlog\link.7920.write.1.tlog
c:\users\海绵宝宝\source\repos\sthtmlpp\sthtmlpp\debug\sthtmlpp.tlog\link.command.1.tlog
c:\users\海绵宝宝\source\repos\sthtmlpp\sthtmlpp\debug\sthtmlpp.tlog\link.read.1.tlog
c:\users\海绵宝宝\source\repos\sthtmlpp\sthtmlpp\debug\sthtmlpp.tlog\link.write.1.tlog
